2025-11-13 12:29:20 com\zoho\api\logger\SDKLogger INFO Initialization successful for Email Id : tikhoncheb@gmail.com in Environment : https://www.zohoapis.com.
2025-11-13 12:29:21 com\zoho\api\logger\SDKLogger SEVERE Exception in authenticating current request :  com\zoho\crm\api\exception\SDKException Caused by : INVALID TOKEN ERROR - Access Denied
C:\xampp\htdocs\test\vendor\zohocrm\php-sdk-2.1\src\com\zoho\api\authenticator\OAuthToken.php- 377- Access Denied
#0 C:\xampp\htdocs\test\vendor\zohocrm\php-sdk-2.1\src\com\zoho\api\authenticator\OAuthToken.php(306): com\zoho\api\authenticator\OAuthToken->processResponse('HTTP/1.1 400 \r\n...')
#1 C:\xampp\htdocs\test\vendor\zohocrm\php-sdk-2.1\src\com\zoho\api\authenticator\OAuthToken.php(235): com\zoho\api\authenticator\OAuthToken->refreshAccessToken(Object(com\zoho\crm\api\UserSignature), Object(com\zoho\api\authenticator\store\FileStore))
#2 C:\xampp\htdocs\test\vendor\zohocrm\php-sdk-2.1\src\com\zoho\crm\api\util\CommonAPIHandler.php(253): com\zoho\api\authenticator\OAuthToken->authenticate(Object(com\zoho\crm\api\util\APIHTTPConnector))
#3 C:\xampp\htdocs\test\vendor\zohocrm\php-sdk-2.1\src\com\zoho\crm\api\fields\FieldsOperations.php(41): com\zoho\crm\api\util\CommonAPIHandler->apiCall('com\\zoho\\crm\\ap...', 'application/jso...')
#4 C:\xampp\htdocs\test\vendor\zohocrm\php-sdk-2.1\src\com\zoho\crm\api\util\Utility.php(582): com\zoho\crm\api\fields\FieldsOperations->getFields(Object(com\zoho\crm\api\ParameterMap))
#5 C:\xampp\htdocs\test\vendor\zohocrm\php-sdk-2.1\src\com\zoho\crm\api\util\Utility.php(275): com\zoho\crm\api\util\Utility::getFieldDetails('Leads')
#6 C:\xampp\htdocs\test\vendor\zohocrm\php-sdk-2.1\src\com\zoho\crm\api\util\Utility.php(170): com\zoho\crm\api\util\Utility::getFieldsInfo('Leads', Object(com\zoho\crm\api\util\CommonAPIHandler))
#7 C:\xampp\htdocs\test\vendor\zohocrm\php-sdk-2.1\src\com\zoho\crm\api\record\RecordOperations.php(142): com\zoho\crm\api\util\Utility::getFields('Leads', Object(com\zoho\crm\api\util\CommonAPIHandler))
#8 C:\xampp\htdocs\test\src\create_lead.php(31): com\zoho\crm\api\record\RecordOperations->createRecords('Leads', Object(com\zoho\crm\api\record\BodyWrapper))
#9 {main}
2025-11-13 12:29:21 com\zoho\api\logger\SDKLogger SEVERE Exception :  com\zoho\crm\api\exception\SDKException Caused by : INVALID TOKEN ERROR - Access Denied
C:\xampp\htdocs\test\vendor\zohocrm\php-sdk-2.1\src\com\zoho\api\authenticator\OAuthToken.php- 377- Access Denied
#0 C:\xampp\htdocs\test\vendor\zohocrm\php-sdk-2.1\src\com\zoho\api\authenticator\OAuthToken.php(306): com\zoho\api\authenticator\OAuthToken->processResponse('HTTP/1.1 400 \r\n...')
#1 C:\xampp\htdocs\test\vendor\zohocrm\php-sdk-2.1\src\com\zoho\api\authenticator\OAuthToken.php(235): com\zoho\api\authenticator\OAuthToken->refreshAccessToken(Object(com\zoho\crm\api\UserSignature), Object(com\zoho\api\authenticator\store\FileStore))
#2 C:\xampp\htdocs\test\vendor\zohocrm\php-sdk-2.1\src\com\zoho\crm\api\util\CommonAPIHandler.php(253): com\zoho\api\authenticator\OAuthToken->authenticate(Object(com\zoho\crm\api\util\APIHTTPConnector))
#3 C:\xampp\htdocs\test\vendor\zohocrm\php-sdk-2.1\src\com\zoho\crm\api\fields\FieldsOperations.php(41): com\zoho\crm\api\util\CommonAPIHandler->apiCall('com\\zoho\\crm\\ap...', 'application/jso...')
#4 C:\xampp\htdocs\test\vendor\zohocrm\php-sdk-2.1\src\com\zoho\crm\api\util\Utility.php(582): com\zoho\crm\api\fields\FieldsOperations->getFields(Object(com\zoho\crm\api\ParameterMap))
#5 C:\xampp\htdocs\test\vendor\zohocrm\php-sdk-2.1\src\com\zoho\crm\api\util\Utility.php(275): com\zoho\crm\api\util\Utility::getFieldDetails('Leads')
#6 C:\xampp\htdocs\test\vendor\zohocrm\php-sdk-2.1\src\com\zoho\crm\api\util\Utility.php(170): com\zoho\crm\api\util\Utility::getFieldsInfo('Leads', Object(com\zoho\crm\api\util\CommonAPIHandler))
#7 C:\xampp\htdocs\test\vendor\zohocrm\php-sdk-2.1\src\com\zoho\crm\api\record\RecordOperations.php(142): com\zoho\crm\api\util\Utility::getFields('Leads', Object(com\zoho\crm\api\util\CommonAPIHandler))
#8 C:\xampp\htdocs\test\src\create_lead.php(31): com\zoho\crm\api\record\RecordOperations->createRecords('Leads', Object(com\zoho\crm\api\record\BodyWrapper))
#9 {main}
2025-11-13 12:34:23 com\zoho\api\logger\SDKLogger INFO Initialization successful for Email Id : tikhoncheb@gmail.com in Environment : https://www.zohoapis.com.
2025-11-13 12:34:23 com\zoho\api\logger\SDKLogger SEVERE Exception in authenticating current request :  com\zoho\crm\api\exception\SDKException Caused by : INVALID TOKEN ERROR - invalid_client
C:\xampp\htdocs\test\vendor\zohocrm\php-sdk-2.1\src\com\zoho\api\authenticator\OAuthToken.php- 377- invalid_client
#0 C:\xampp\htdocs\test\vendor\zohocrm\php-sdk-2.1\src\com\zoho\api\authenticator\OAuthToken.php(306): com\zoho\api\authenticator\OAuthToken->processResponse('HTTP/1.1 200 \r\n...')
#1 C:\xampp\htdocs\test\vendor\zohocrm\php-sdk-2.1\src\com\zoho\api\authenticator\OAuthToken.php(235): com\zoho\api\authenticator\OAuthToken->refreshAccessToken(Object(com\zoho\crm\api\UserSignature), Object(com\zoho\api\authenticator\store\FileStore))
#2 C:\xampp\htdocs\test\vendor\zohocrm\php-sdk-2.1\src\com\zoho\crm\api\util\CommonAPIHandler.php(253): com\zoho\api\authenticator\OAuthToken->authenticate(Object(com\zoho\crm\api\util\APIHTTPConnector))
#3 C:\xampp\htdocs\test\vendor\zohocrm\php-sdk-2.1\src\com\zoho\crm\api\fields\FieldsOperations.php(41): com\zoho\crm\api\util\CommonAPIHandler->apiCall('com\\zoho\\crm\\ap...', 'application/jso...')
#4 C:\xampp\htdocs\test\vendor\zohocrm\php-sdk-2.1\src\com\zoho\crm\api\util\Utility.php(582): com\zoho\crm\api\fields\FieldsOperations->getFields(Object(com\zoho\crm\api\ParameterMap))
#5 C:\xampp\htdocs\test\vendor\zohocrm\php-sdk-2.1\src\com\zoho\crm\api\util\Utility.php(96): com\zoho\crm\api\util\Utility::getFieldDetails('Leads')
#6 C:\xampp\htdocs\test\vendor\zohocrm\php-sdk-2.1\src\com\zoho\crm\api\util\Utility.php(213): com\zoho\crm\api\util\Utility::fileExistsFlow('Leads', 'C:\\xampp\\htdocs...', NULL)
#7 C:\xampp\htdocs\test\vendor\zohocrm\php-sdk-2.1\src\com\zoho\crm\api\util\Utility.php(170): com\zoho\crm\api\util\Utility::getFieldsInfo('Leads', Object(com\zoho\crm\api\util\CommonAPIHandler))
#8 C:\xampp\htdocs\test\vendor\zohocrm\php-sdk-2.1\src\com\zoho\crm\api\record\RecordOperations.php(142): com\zoho\crm\api\util\Utility::getFields('Leads', Object(com\zoho\crm\api\util\CommonAPIHandler))
#9 C:\xampp\htdocs\test\src\create_lead.php(31): com\zoho\crm\api\record\RecordOperations->createRecords('Leads', Object(com\zoho\crm\api\record\BodyWrapper))
#10 {main}
2025-11-13 12:34:23 com\zoho\api\logger\SDKLogger SEVERE Exception :  com\zoho\crm\api\exception\SDKException Caused by : INVALID TOKEN ERROR - invalid_client
C:\xampp\htdocs\test\vendor\zohocrm\php-sdk-2.1\src\com\zoho\api\authenticator\OAuthToken.php- 377- invalid_client
#0 C:\xampp\htdocs\test\vendor\zohocrm\php-sdk-2.1\src\com\zoho\api\authenticator\OAuthToken.php(306): com\zoho\api\authenticator\OAuthToken->processResponse('HTTP/1.1 200 \r\n...')
#1 C:\xampp\htdocs\test\vendor\zohocrm\php-sdk-2.1\src\com\zoho\api\authenticator\OAuthToken.php(235): com\zoho\api\authenticator\OAuthToken->refreshAccessToken(Object(com\zoho\crm\api\UserSignature), Object(com\zoho\api\authenticator\store\FileStore))
#2 C:\xampp\htdocs\test\vendor\zohocrm\php-sdk-2.1\src\com\zoho\crm\api\util\CommonAPIHandler.php(253): com\zoho\api\authenticator\OAuthToken->authenticate(Object(com\zoho\crm\api\util\APIHTTPConnector))
#3 C:\xampp\htdocs\test\vendor\zohocrm\php-sdk-2.1\src\com\zoho\crm\api\fields\FieldsOperations.php(41): com\zoho\crm\api\util\CommonAPIHandler->apiCall('com\\zoho\\crm\\ap...', 'application/jso...')
#4 C:\xampp\htdocs\test\vendor\zohocrm\php-sdk-2.1\src\com\zoho\crm\api\util\Utility.php(582): com\zoho\crm\api\fields\FieldsOperations->getFields(Object(com\zoho\crm\api\ParameterMap))
#5 C:\xampp\htdocs\test\vendor\zohocrm\php-sdk-2.1\src\com\zoho\crm\api\util\Utility.php(96): com\zoho\crm\api\util\Utility::getFieldDetails('Leads')
#6 C:\xampp\htdocs\test\vendor\zohocrm\php-sdk-2.1\src\com\zoho\crm\api\util\Utility.php(213): com\zoho\crm\api\util\Utility::fileExistsFlow('Leads', 'C:\\xampp\\htdocs...', NULL)
#7 C:\xampp\htdocs\test\vendor\zohocrm\php-sdk-2.1\src\com\zoho\crm\api\util\Utility.php(170): com\zoho\crm\api\util\Utility::getFieldsInfo('Leads', Object(com\zoho\crm\api\util\CommonAPIHandler))
#8 C:\xampp\htdocs\test\vendor\zohocrm\php-sdk-2.1\src\com\zoho\crm\api\record\RecordOperations.php(142): com\zoho\crm\api\util\Utility::getFields('Leads', Object(com\zoho\crm\api\util\CommonAPIHandler))
#9 C:\xampp\htdocs\test\src\create_lead.php(31): com\zoho\crm\api\record\RecordOperations->createRecords('Leads', Object(com\zoho\crm\api\record\BodyWrapper))
#10 {main}
2025-11-13 12:39:35 com\zoho\api\logger\SDKLogger INFO Initialization successful for Email Id : tikhoncheb@gmail.com in Environment : https://www.zohoapis.com.
2025-11-13 12:39:36 com\zoho\api\logger\SDKLogger SEVERE Exception in authenticating current request :  com\zoho\crm\api\exception\SDKException Caused by : INVALID TOKEN ERROR - invalid_client
C:\xampp\htdocs\test\vendor\zohocrm\php-sdk-2.1\src\com\zoho\api\authenticator\OAuthToken.php- 377- invalid_client
#0 C:\xampp\htdocs\test\vendor\zohocrm\php-sdk-2.1\src\com\zoho\api\authenticator\OAuthToken.php(306): com\zoho\api\authenticator\OAuthToken->processResponse('HTTP/1.1 200 \r\n...')
#1 C:\xampp\htdocs\test\vendor\zohocrm\php-sdk-2.1\src\com\zoho\api\authenticator\OAuthToken.php(235): com\zoho\api\authenticator\OAuthToken->refreshAccessToken(Object(com\zoho\crm\api\UserSignature), Object(com\zoho\api\authenticator\store\FileStore))
#2 C:\xampp\htdocs\test\vendor\zohocrm\php-sdk-2.1\src\com\zoho\crm\api\util\CommonAPIHandler.php(253): com\zoho\api\authenticator\OAuthToken->authenticate(Object(com\zoho\crm\api\util\APIHTTPConnector))
#3 C:\xampp\htdocs\test\vendor\zohocrm\php-sdk-2.1\src\com\zoho\crm\api\fields\FieldsOperations.php(41): com\zoho\crm\api\util\CommonAPIHandler->apiCall('com\\zoho\\crm\\ap...', 'application/jso...')
#4 C:\xampp\htdocs\test\vendor\zohocrm\php-sdk-2.1\src\com\zoho\crm\api\util\Utility.php(582): com\zoho\crm\api\fields\FieldsOperations->getFields(Object(com\zoho\crm\api\ParameterMap))
#5 C:\xampp\htdocs\test\vendor\zohocrm\php-sdk-2.1\src\com\zoho\crm\api\util\Utility.php(96): com\zoho\crm\api\util\Utility::getFieldDetails('Leads')
#6 C:\xampp\htdocs\test\vendor\zohocrm\php-sdk-2.1\src\com\zoho\crm\api\util\Utility.php(213): com\zoho\crm\api\util\Utility::fileExistsFlow('Leads', 'C:\\xampp\\htdocs...', NULL)
#7 C:\xampp\htdocs\test\vendor\zohocrm\php-sdk-2.1\src\com\zoho\crm\api\util\Utility.php(170): com\zoho\crm\api\util\Utility::getFieldsInfo('Leads', Object(com\zoho\crm\api\util\CommonAPIHandler))
#8 C:\xampp\htdocs\test\vendor\zohocrm\php-sdk-2.1\src\com\zoho\crm\api\record\RecordOperations.php(142): com\zoho\crm\api\util\Utility::getFields('Leads', Object(com\zoho\crm\api\util\CommonAPIHandler))
#9 C:\xampp\htdocs\test\src\create_lead.php(31): com\zoho\crm\api\record\RecordOperations->createRecords('Leads', Object(com\zoho\crm\api\record\BodyWrapper))
#10 {main}
2025-11-13 12:39:36 com\zoho\api\logger\SDKLogger SEVERE Exception :  com\zoho\crm\api\exception\SDKException Caused by : INVALID TOKEN ERROR - invalid_client
C:\xampp\htdocs\test\vendor\zohocrm\php-sdk-2.1\src\com\zoho\api\authenticator\OAuthToken.php- 377- invalid_client
#0 C:\xampp\htdocs\test\vendor\zohocrm\php-sdk-2.1\src\com\zoho\api\authenticator\OAuthToken.php(306): com\zoho\api\authenticator\OAuthToken->processResponse('HTTP/1.1 200 \r\n...')
#1 C:\xampp\htdocs\test\vendor\zohocrm\php-sdk-2.1\src\com\zoho\api\authenticator\OAuthToken.php(235): com\zoho\api\authenticator\OAuthToken->refreshAccessToken(Object(com\zoho\crm\api\UserSignature), Object(com\zoho\api\authenticator\store\FileStore))
#2 C:\xampp\htdocs\test\vendor\zohocrm\php-sdk-2.1\src\com\zoho\crm\api\util\CommonAPIHandler.php(253): com\zoho\api\authenticator\OAuthToken->authenticate(Object(com\zoho\crm\api\util\APIHTTPConnector))
#3 C:\xampp\htdocs\test\vendor\zohocrm\php-sdk-2.1\src\com\zoho\crm\api\fields\FieldsOperations.php(41): com\zoho\crm\api\util\CommonAPIHandler->apiCall('com\\zoho\\crm\\ap...', 'application/jso...')
#4 C:\xampp\htdocs\test\vendor\zohocrm\php-sdk-2.1\src\com\zoho\crm\api\util\Utility.php(582): com\zoho\crm\api\fields\FieldsOperations->getFields(Object(com\zoho\crm\api\ParameterMap))
#5 C:\xampp\htdocs\test\vendor\zohocrm\php-sdk-2.1\src\com\zoho\crm\api\util\Utility.php(96): com\zoho\crm\api\util\Utility::getFieldDetails('Leads')
#6 C:\xampp\htdocs\test\vendor\zohocrm\php-sdk-2.1\src\com\zoho\crm\api\util\Utility.php(213): com\zoho\crm\api\util\Utility::fileExistsFlow('Leads', 'C:\\xampp\\htdocs...', NULL)
#7 C:\xampp\htdocs\test\vendor\zohocrm\php-sdk-2.1\src\com\zoho\crm\api\util\Utility.php(170): com\zoho\crm\api\util\Utility::getFieldsInfo('Leads', Object(com\zoho\crm\api\util\CommonAPIHandler))
#8 C:\xampp\htdocs\test\vendor\zohocrm\php-sdk-2.1\src\com\zoho\crm\api\record\RecordOperations.php(142): com\zoho\crm\api\util\Utility::getFields('Leads', Object(com\zoho\crm\api\util\CommonAPIHandler))
#9 C:\xampp\htdocs\test\src\create_lead.php(31): com\zoho\crm\api\record\RecordOperations->createRecords('Leads', Object(com\zoho\crm\api\record\BodyWrapper))
#10 {main}
2025-11-13 14:39:08 com\zoho\api\logger\SDKLogger INFO Initialization successful for Email Id : tikhoncheb@gmail.com in Environment : https://www.zohoapis.com.
2025-11-13 14:39:09 com\zoho\api\logger\SDKLogger SEVERE Exception in authenticating current request :  com\zoho\crm\api\exception\SDKException Caused by : INVALID TOKEN ERROR - invalid_client
C:\xampp\htdocs\test\vendor\zohocrm\php-sdk-2.1\src\com\zoho\api\authenticator\OAuthToken.php- 377- invalid_client
#0 C:\xampp\htdocs\test\vendor\zohocrm\php-sdk-2.1\src\com\zoho\api\authenticator\OAuthToken.php(306): com\zoho\api\authenticator\OAuthToken->processResponse('HTTP/1.1 200 \r\n...')
#1 C:\xampp\htdocs\test\vendor\zohocrm\php-sdk-2.1\src\com\zoho\api\authenticator\OAuthToken.php(235): com\zoho\api\authenticator\OAuthToken->refreshAccessToken(Object(com\zoho\crm\api\UserSignature), Object(com\zoho\api\authenticator\store\FileStore))
#2 C:\xampp\htdocs\test\vendor\zohocrm\php-sdk-2.1\src\com\zoho\crm\api\util\CommonAPIHandler.php(253): com\zoho\api\authenticator\OAuthToken->authenticate(Object(com\zoho\crm\api\util\APIHTTPConnector))
#3 C:\xampp\htdocs\test\vendor\zohocrm\php-sdk-2.1\src\com\zoho\crm\api\fields\FieldsOperations.php(41): com\zoho\crm\api\util\CommonAPIHandler->apiCall('com\\zoho\\crm\\ap...', 'application/jso...')
#4 C:\xampp\htdocs\test\vendor\zohocrm\php-sdk-2.1\src\com\zoho\crm\api\util\Utility.php(582): com\zoho\crm\api\fields\FieldsOperations->getFields(Object(com\zoho\crm\api\ParameterMap))
#5 C:\xampp\htdocs\test\vendor\zohocrm\php-sdk-2.1\src\com\zoho\crm\api\util\Utility.php(96): com\zoho\crm\api\util\Utility::getFieldDetails('Leads')
#6 C:\xampp\htdocs\test\vendor\zohocrm\php-sdk-2.1\src\com\zoho\crm\api\util\Utility.php(213): com\zoho\crm\api\util\Utility::fileExistsFlow('Leads', 'C:\\xampp\\htdocs...', NULL)
#7 C:\xampp\htdocs\test\vendor\zohocrm\php-sdk-2.1\src\com\zoho\crm\api\util\Utility.php(170): com\zoho\crm\api\util\Utility::getFieldsInfo('Leads', Object(com\zoho\crm\api\util\CommonAPIHandler))
#8 C:\xampp\htdocs\test\vendor\zohocrm\php-sdk-2.1\src\com\zoho\crm\api\record\RecordOperations.php(142): com\zoho\crm\api\util\Utility::getFields('Leads', Object(com\zoho\crm\api\util\CommonAPIHandler))
#9 C:\xampp\htdocs\test\src\create_lead.php(31): com\zoho\crm\api\record\RecordOperations->createRecords('Leads', Object(com\zoho\crm\api\record\BodyWrapper))
#10 {main}
2025-11-13 14:39:09 com\zoho\api\logger\SDKLogger SEVERE Exception :  com\zoho\crm\api\exception\SDKException Caused by : INVALID TOKEN ERROR - invalid_client
C:\xampp\htdocs\test\vendor\zohocrm\php-sdk-2.1\src\com\zoho\api\authenticator\OAuthToken.php- 377- invalid_client
#0 C:\xampp\htdocs\test\vendor\zohocrm\php-sdk-2.1\src\com\zoho\api\authenticator\OAuthToken.php(306): com\zoho\api\authenticator\OAuthToken->processResponse('HTTP/1.1 200 \r\n...')
#1 C:\xampp\htdocs\test\vendor\zohocrm\php-sdk-2.1\src\com\zoho\api\authenticator\OAuthToken.php(235): com\zoho\api\authenticator\OAuthToken->refreshAccessToken(Object(com\zoho\crm\api\UserSignature), Object(com\zoho\api\authenticator\store\FileStore))
#2 C:\xampp\htdocs\test\vendor\zohocrm\php-sdk-2.1\src\com\zoho\crm\api\util\CommonAPIHandler.php(253): com\zoho\api\authenticator\OAuthToken->authenticate(Object(com\zoho\crm\api\util\APIHTTPConnector))
#3 C:\xampp\htdocs\test\vendor\zohocrm\php-sdk-2.1\src\com\zoho\crm\api\fields\FieldsOperations.php(41): com\zoho\crm\api\util\CommonAPIHandler->apiCall('com\\zoho\\crm\\ap...', 'application/jso...')
#4 C:\xampp\htdocs\test\vendor\zohocrm\php-sdk-2.1\src\com\zoho\crm\api\util\Utility.php(582): com\zoho\crm\api\fields\FieldsOperations->getFields(Object(com\zoho\crm\api\ParameterMap))
#5 C:\xampp\htdocs\test\vendor\zohocrm\php-sdk-2.1\src\com\zoho\crm\api\util\Utility.php(96): com\zoho\crm\api\util\Utility::getFieldDetails('Leads')
#6 C:\xampp\htdocs\test\vendor\zohocrm\php-sdk-2.1\src\com\zoho\crm\api\util\Utility.php(213): com\zoho\crm\api\util\Utility::fileExistsFlow('Leads', 'C:\\xampp\\htdocs...', NULL)
#7 C:\xampp\htdocs\test\vendor\zohocrm\php-sdk-2.1\src\com\zoho\crm\api\util\Utility.php(170): com\zoho\crm\api\util\Utility::getFieldsInfo('Leads', Object(com\zoho\crm\api\util\CommonAPIHandler))
#8 C:\xampp\htdocs\test\vendor\zohocrm\php-sdk-2.1\src\com\zoho\crm\api\record\RecordOperations.php(142): com\zoho\crm\api\util\Utility::getFields('Leads', Object(com\zoho\crm\api\util\CommonAPIHandler))
#9 C:\xampp\htdocs\test\src\create_lead.php(31): com\zoho\crm\api\record\RecordOperations->createRecords('Leads', Object(com\zoho\crm\api\record\BodyWrapper))
#10 {main}
2025-11-13 14:39:13 com\zoho\api\logger\SDKLogger INFO Initialization successful for Email Id : tikhoncheb@gmail.com in Environment : https://www.zohoapis.com.
2025-11-13 14:39:14 com\zoho\api\logger\SDKLogger SEVERE Exception in authenticating current request :  com\zoho\crm\api\exception\SDKException Caused by : INVALID TOKEN ERROR - invalid_client
C:\xampp\htdocs\test\vendor\zohocrm\php-sdk-2.1\src\com\zoho\api\authenticator\OAuthToken.php- 377- invalid_client
#0 C:\xampp\htdocs\test\vendor\zohocrm\php-sdk-2.1\src\com\zoho\api\authenticator\OAuthToken.php(306): com\zoho\api\authenticator\OAuthToken->processResponse('HTTP/1.1 200 \r\n...')
#1 C:\xampp\htdocs\test\vendor\zohocrm\php-sdk-2.1\src\com\zoho\api\authenticator\OAuthToken.php(235): com\zoho\api\authenticator\OAuthToken->refreshAccessToken(Object(com\zoho\crm\api\UserSignature), Object(com\zoho\api\authenticator\store\FileStore))
#2 C:\xampp\htdocs\test\vendor\zohocrm\php-sdk-2.1\src\com\zoho\crm\api\util\CommonAPIHandler.php(253): com\zoho\api\authenticator\OAuthToken->authenticate(Object(com\zoho\crm\api\util\APIHTTPConnector))
#3 C:\xampp\htdocs\test\vendor\zohocrm\php-sdk-2.1\src\com\zoho\crm\api\fields\FieldsOperations.php(41): com\zoho\crm\api\util\CommonAPIHandler->apiCall('com\\zoho\\crm\\ap...', 'application/jso...')
#4 C:\xampp\htdocs\test\vendor\zohocrm\php-sdk-2.1\src\com\zoho\crm\api\util\Utility.php(582): com\zoho\crm\api\fields\FieldsOperations->getFields(Object(com\zoho\crm\api\ParameterMap))
#5 C:\xampp\htdocs\test\vendor\zohocrm\php-sdk-2.1\src\com\zoho\crm\api\util\Utility.php(96): com\zoho\crm\api\util\Utility::getFieldDetails('Leads')
#6 C:\xampp\htdocs\test\vendor\zohocrm\php-sdk-2.1\src\com\zoho\crm\api\util\Utility.php(213): com\zoho\crm\api\util\Utility::fileExistsFlow('Leads', 'C:\\xampp\\htdocs...', NULL)
#7 C:\xampp\htdocs\test\vendor\zohocrm\php-sdk-2.1\src\com\zoho\crm\api\util\Utility.php(170): com\zoho\crm\api\util\Utility::getFieldsInfo('Leads', Object(com\zoho\crm\api\util\CommonAPIHandler))
#8 C:\xampp\htdocs\test\vendor\zohocrm\php-sdk-2.1\src\com\zoho\crm\api\record\RecordOperations.php(142): com\zoho\crm\api\util\Utility::getFields('Leads', Object(com\zoho\crm\api\util\CommonAPIHandler))
#9 C:\xampp\htdocs\test\src\create_lead.php(31): com\zoho\crm\api\record\RecordOperations->createRecords('Leads', Object(com\zoho\crm\api\record\BodyWrapper))
#10 {main}
2025-11-13 14:39:14 com\zoho\api\logger\SDKLogger SEVERE Exception :  com\zoho\crm\api\exception\SDKException Caused by : INVALID TOKEN ERROR - invalid_client
C:\xampp\htdocs\test\vendor\zohocrm\php-sdk-2.1\src\com\zoho\api\authenticator\OAuthToken.php- 377- invalid_client
#0 C:\xampp\htdocs\test\vendor\zohocrm\php-sdk-2.1\src\com\zoho\api\authenticator\OAuthToken.php(306): com\zoho\api\authenticator\OAuthToken->processResponse('HTTP/1.1 200 \r\n...')
#1 C:\xampp\htdocs\test\vendor\zohocrm\php-sdk-2.1\src\com\zoho\api\authenticator\OAuthToken.php(235): com\zoho\api\authenticator\OAuthToken->refreshAccessToken(Object(com\zoho\crm\api\UserSignature), Object(com\zoho\api\authenticator\store\FileStore))
#2 C:\xampp\htdocs\test\vendor\zohocrm\php-sdk-2.1\src\com\zoho\crm\api\util\CommonAPIHandler.php(253): com\zoho\api\authenticator\OAuthToken->authenticate(Object(com\zoho\crm\api\util\APIHTTPConnector))
#3 C:\xampp\htdocs\test\vendor\zohocrm\php-sdk-2.1\src\com\zoho\crm\api\fields\FieldsOperations.php(41): com\zoho\crm\api\util\CommonAPIHandler->apiCall('com\\zoho\\crm\\ap...', 'application/jso...')
#4 C:\xampp\htdocs\test\vendor\zohocrm\php-sdk-2.1\src\com\zoho\crm\api\util\Utility.php(582): com\zoho\crm\api\fields\FieldsOperations->getFields(Object(com\zoho\crm\api\ParameterMap))
#5 C:\xampp\htdocs\test\vendor\zohocrm\php-sdk-2.1\src\com\zoho\crm\api\util\Utility.php(96): com\zoho\crm\api\util\Utility::getFieldDetails('Leads')
#6 C:\xampp\htdocs\test\vendor\zohocrm\php-sdk-2.1\src\com\zoho\crm\api\util\Utility.php(213): com\zoho\crm\api\util\Utility::fileExistsFlow('Leads', 'C:\\xampp\\htdocs...', NULL)
#7 C:\xampp\htdocs\test\vendor\zohocrm\php-sdk-2.1\src\com\zoho\crm\api\util\Utility.php(170): com\zoho\crm\api\util\Utility::getFieldsInfo('Leads', Object(com\zoho\crm\api\util\CommonAPIHandler))
#8 C:\xampp\htdocs\test\vendor\zohocrm\php-sdk-2.1\src\com\zoho\crm\api\record\RecordOperations.php(142): com\zoho\crm\api\util\Utility::getFields('Leads', Object(com\zoho\crm\api\util\CommonAPIHandler))
#9 C:\xampp\htdocs\test\src\create_lead.php(31): com\zoho\crm\api\record\RecordOperations->createRecords('Leads', Object(com\zoho\crm\api\record\BodyWrapper))
#10 {main}
2025-11-13 14:43:26 com\zoho\api\logger\SDKLogger INFO Initialization successful for Email Id : tikhoncheb@gmail.com in Environment : https://www.zohoapis.com.
2025-11-13 14:43:27 com\zoho\api\logger\SDKLogger SEVERE Exception in authenticating current request :  com\zoho\crm\api\exception\SDKException Caused by : INVALID TOKEN ERROR - invalid_client
C:\xampp\htdocs\test\vendor\zohocrm\php-sdk-2.1\src\com\zoho\api\authenticator\OAuthToken.php- 377- invalid_client
#0 C:\xampp\htdocs\test\vendor\zohocrm\php-sdk-2.1\src\com\zoho\api\authenticator\OAuthToken.php(306): com\zoho\api\authenticator\OAuthToken->processResponse('HTTP/1.1 200 \r\n...')
#1 C:\xampp\htdocs\test\vendor\zohocrm\php-sdk-2.1\src\com\zoho\api\authenticator\OAuthToken.php(235): com\zoho\api\authenticator\OAuthToken->refreshAccessToken(Object(com\zoho\crm\api\UserSignature), Object(com\zoho\api\authenticator\store\FileStore))
#2 C:\xampp\htdocs\test\vendor\zohocrm\php-sdk-2.1\src\com\zoho\crm\api\util\CommonAPIHandler.php(253): com\zoho\api\authenticator\OAuthToken->authenticate(Object(com\zoho\crm\api\util\APIHTTPConnector))
#3 C:\xampp\htdocs\test\vendor\zohocrm\php-sdk-2.1\src\com\zoho\crm\api\fields\FieldsOperations.php(41): com\zoho\crm\api\util\CommonAPIHandler->apiCall('com\\zoho\\crm\\ap...', 'application/jso...')
#4 C:\xampp\htdocs\test\vendor\zohocrm\php-sdk-2.1\src\com\zoho\crm\api\util\Utility.php(582): com\zoho\crm\api\fields\FieldsOperations->getFields(Object(com\zoho\crm\api\ParameterMap))
#5 C:\xampp\htdocs\test\vendor\zohocrm\php-sdk-2.1\src\com\zoho\crm\api\util\Utility.php(96): com\zoho\crm\api\util\Utility::getFieldDetails('Leads')
#6 C:\xampp\htdocs\test\vendor\zohocrm\php-sdk-2.1\src\com\zoho\crm\api\util\Utility.php(213): com\zoho\crm\api\util\Utility::fileExistsFlow('Leads', 'C:\\xampp\\htdocs...', NULL)
#7 C:\xampp\htdocs\test\vendor\zohocrm\php-sdk-2.1\src\com\zoho\crm\api\util\Utility.php(170): com\zoho\crm\api\util\Utility::getFieldsInfo('Leads', Object(com\zoho\crm\api\util\CommonAPIHandler))
#8 C:\xampp\htdocs\test\vendor\zohocrm\php-sdk-2.1\src\com\zoho\crm\api\record\RecordOperations.php(142): com\zoho\crm\api\util\Utility::getFields('Leads', Object(com\zoho\crm\api\util\CommonAPIHandler))
#9 C:\xampp\htdocs\test\src\create_lead.php(31): com\zoho\crm\api\record\RecordOperations->createRecords('Leads', Object(com\zoho\crm\api\record\BodyWrapper))
#10 {main}
2025-11-13 14:43:27 com\zoho\api\logger\SDKLogger SEVERE Exception :  com\zoho\crm\api\exception\SDKException Caused by : INVALID TOKEN ERROR - invalid_client
C:\xampp\htdocs\test\vendor\zohocrm\php-sdk-2.1\src\com\zoho\api\authenticator\OAuthToken.php- 377- invalid_client
#0 C:\xampp\htdocs\test\vendor\zohocrm\php-sdk-2.1\src\com\zoho\api\authenticator\OAuthToken.php(306): com\zoho\api\authenticator\OAuthToken->processResponse('HTTP/1.1 200 \r\n...')
#1 C:\xampp\htdocs\test\vendor\zohocrm\php-sdk-2.1\src\com\zoho\api\authenticator\OAuthToken.php(235): com\zoho\api\authenticator\OAuthToken->refreshAccessToken(Object(com\zoho\crm\api\UserSignature), Object(com\zoho\api\authenticator\store\FileStore))
#2 C:\xampp\htdocs\test\vendor\zohocrm\php-sdk-2.1\src\com\zoho\crm\api\util\CommonAPIHandler.php(253): com\zoho\api\authenticator\OAuthToken->authenticate(Object(com\zoho\crm\api\util\APIHTTPConnector))
#3 C:\xampp\htdocs\test\vendor\zohocrm\php-sdk-2.1\src\com\zoho\crm\api\fields\FieldsOperations.php(41): com\zoho\crm\api\util\CommonAPIHandler->apiCall('com\\zoho\\crm\\ap...', 'application/jso...')
#4 C:\xampp\htdocs\test\vendor\zohocrm\php-sdk-2.1\src\com\zoho\crm\api\util\Utility.php(582): com\zoho\crm\api\fields\FieldsOperations->getFields(Object(com\zoho\crm\api\ParameterMap))
#5 C:\xampp\htdocs\test\vendor\zohocrm\php-sdk-2.1\src\com\zoho\crm\api\util\Utility.php(96): com\zoho\crm\api\util\Utility::getFieldDetails('Leads')
#6 C:\xampp\htdocs\test\vendor\zohocrm\php-sdk-2.1\src\com\zoho\crm\api\util\Utility.php(213): com\zoho\crm\api\util\Utility::fileExistsFlow('Leads', 'C:\\xampp\\htdocs...', NULL)
#7 C:\xampp\htdocs\test\vendor\zohocrm\php-sdk-2.1\src\com\zoho\crm\api\util\Utility.php(170): com\zoho\crm\api\util\Utility::getFieldsInfo('Leads', Object(com\zoho\crm\api\util\CommonAPIHandler))
#8 C:\xampp\htdocs\test\vendor\zohocrm\php-sdk-2.1\src\com\zoho\crm\api\record\RecordOperations.php(142): com\zoho\crm\api\util\Utility::getFields('Leads', Object(com\zoho\crm\api\util\CommonAPIHandler))
#9 C:\xampp\htdocs\test\src\create_lead.php(31): com\zoho\crm\api\record\RecordOperations->createRecords('Leads', Object(com\zoho\crm\api\record\BodyWrapper))
#10 {main}
2025-11-13 14:43:33 com\zoho\api\logger\SDKLogger INFO Initialization successful for Email Id : tikhoncheb@gmail.com in Environment : https://www.zohoapis.com.
2025-11-13 14:43:34 com\zoho\api\logger\SDKLogger SEVERE Exception in authenticating current request :  com\zoho\crm\api\exception\SDKException Caused by : INVALID TOKEN ERROR - invalid_client
C:\xampp\htdocs\test\vendor\zohocrm\php-sdk-2.1\src\com\zoho\api\authenticator\OAuthToken.php- 377- invalid_client
#0 C:\xampp\htdocs\test\vendor\zohocrm\php-sdk-2.1\src\com\zoho\api\authenticator\OAuthToken.php(306): com\zoho\api\authenticator\OAuthToken->processResponse('HTTP/1.1 200 \r\n...')
#1 C:\xampp\htdocs\test\vendor\zohocrm\php-sdk-2.1\src\com\zoho\api\authenticator\OAuthToken.php(235): com\zoho\api\authenticator\OAuthToken->refreshAccessToken(Object(com\zoho\crm\api\UserSignature), Object(com\zoho\api\authenticator\store\FileStore))
#2 C:\xampp\htdocs\test\vendor\zohocrm\php-sdk-2.1\src\com\zoho\crm\api\util\CommonAPIHandler.php(253): com\zoho\api\authenticator\OAuthToken->authenticate(Object(com\zoho\crm\api\util\APIHTTPConnector))
#3 C:\xampp\htdocs\test\vendor\zohocrm\php-sdk-2.1\src\com\zoho\crm\api\fields\FieldsOperations.php(41): com\zoho\crm\api\util\CommonAPIHandler->apiCall('com\\zoho\\crm\\ap...', 'application/jso...')
#4 C:\xampp\htdocs\test\vendor\zohocrm\php-sdk-2.1\src\com\zoho\crm\api\util\Utility.php(582): com\zoho\crm\api\fields\FieldsOperations->getFields(Object(com\zoho\crm\api\ParameterMap))
#5 C:\xampp\htdocs\test\vendor\zohocrm\php-sdk-2.1\src\com\zoho\crm\api\util\Utility.php(96): com\zoho\crm\api\util\Utility::getFieldDetails('Leads')
#6 C:\xampp\htdocs\test\vendor\zohocrm\php-sdk-2.1\src\com\zoho\crm\api\util\Utility.php(213): com\zoho\crm\api\util\Utility::fileExistsFlow('Leads', 'C:\\xampp\\htdocs...', NULL)
#7 C:\xampp\htdocs\test\vendor\zohocrm\php-sdk-2.1\src\com\zoho\crm\api\util\Utility.php(170): com\zoho\crm\api\util\Utility::getFieldsInfo('Leads', Object(com\zoho\crm\api\util\CommonAPIHandler))
#8 C:\xampp\htdocs\test\vendor\zohocrm\php-sdk-2.1\src\com\zoho\crm\api\record\RecordOperations.php(142): com\zoho\crm\api\util\Utility::getFields('Leads', Object(com\zoho\crm\api\util\CommonAPIHandler))
#9 C:\xampp\htdocs\test\src\create_lead.php(31): com\zoho\crm\api\record\RecordOperations->createRecords('Leads', Object(com\zoho\crm\api\record\BodyWrapper))
#10 {main}
2025-11-13 14:43:34 com\zoho\api\logger\SDKLogger SEVERE Exception :  com\zoho\crm\api\exception\SDKException Caused by : INVALID TOKEN ERROR - invalid_client
C:\xampp\htdocs\test\vendor\zohocrm\php-sdk-2.1\src\com\zoho\api\authenticator\OAuthToken.php- 377- invalid_client
#0 C:\xampp\htdocs\test\vendor\zohocrm\php-sdk-2.1\src\com\zoho\api\authenticator\OAuthToken.php(306): com\zoho\api\authenticator\OAuthToken->processResponse('HTTP/1.1 200 \r\n...')
#1 C:\xampp\htdocs\test\vendor\zohocrm\php-sdk-2.1\src\com\zoho\api\authenticator\OAuthToken.php(235): com\zoho\api\authenticator\OAuthToken->refreshAccessToken(Object(com\zoho\crm\api\UserSignature), Object(com\zoho\api\authenticator\store\FileStore))
#2 C:\xampp\htdocs\test\vendor\zohocrm\php-sdk-2.1\src\com\zoho\crm\api\util\CommonAPIHandler.php(253): com\zoho\api\authenticator\OAuthToken->authenticate(Object(com\zoho\crm\api\util\APIHTTPConnector))
#3 C:\xampp\htdocs\test\vendor\zohocrm\php-sdk-2.1\src\com\zoho\crm\api\fields\FieldsOperations.php(41): com\zoho\crm\api\util\CommonAPIHandler->apiCall('com\\zoho\\crm\\ap...', 'application/jso...')
#4 C:\xampp\htdocs\test\vendor\zohocrm\php-sdk-2.1\src\com\zoho\crm\api\util\Utility.php(582): com\zoho\crm\api\fields\FieldsOperations->getFields(Object(com\zoho\crm\api\ParameterMap))
#5 C:\xampp\htdocs\test\vendor\zohocrm\php-sdk-2.1\src\com\zoho\crm\api\util\Utility.php(96): com\zoho\crm\api\util\Utility::getFieldDetails('Leads')
#6 C:\xampp\htdocs\test\vendor\zohocrm\php-sdk-2.1\src\com\zoho\crm\api\util\Utility.php(213): com\zoho\crm\api\util\Utility::fileExistsFlow('Leads', 'C:\\xampp\\htdocs...', NULL)
#7 C:\xampp\htdocs\test\vendor\zohocrm\php-sdk-2.1\src\com\zoho\crm\api\util\Utility.php(170): com\zoho\crm\api\util\Utility::getFieldsInfo('Leads', Object(com\zoho\crm\api\util\CommonAPIHandler))
#8 C:\xampp\htdocs\test\vendor\zohocrm\php-sdk-2.1\src\com\zoho\crm\api\record\RecordOperations.php(142): com\zoho\crm\api\util\Utility::getFields('Leads', Object(com\zoho\crm\api\util\CommonAPIHandler))
#9 C:\xampp\htdocs\test\src\create_lead.php(31): com\zoho\crm\api\record\RecordOperations->createRecords('Leads', Object(com\zoho\crm\api\record\BodyWrapper))
#10 {main}
2025-11-13 14:43:40 com\zoho\api\logger\SDKLogger INFO Initialization successful for Email Id : tikhoncheb@gmail.com in Environment : https://www.zohoapis.com.
2025-11-13 14:44:52 com\zoho\api\logger\SDKLogger INFO Initialization successful for Email Id : tikhoncheb@gmail.com in Environment : https://www.zohoapis.com.
2025-11-13 14:44:52 com\zoho\api\logger\SDKLogger SEVERE Exception in authenticating current request :  com\zoho\crm\api\exception\SDKException Caused by : INVALID TOKEN ERROR - invalid_client
C:\xampp\htdocs\test\vendor\zohocrm\php-sdk-2.1\src\com\zoho\api\authenticator\OAuthToken.php- 377- invalid_client
#0 C:\xampp\htdocs\test\vendor\zohocrm\php-sdk-2.1\src\com\zoho\api\authenticator\OAuthToken.php(306): com\zoho\api\authenticator\OAuthToken->processResponse('HTTP/1.1 200 \r\n...')
#1 C:\xampp\htdocs\test\vendor\zohocrm\php-sdk-2.1\src\com\zoho\api\authenticator\OAuthToken.php(235): com\zoho\api\authenticator\OAuthToken->refreshAccessToken(Object(com\zoho\crm\api\UserSignature), Object(com\zoho\api\authenticator\store\FileStore))
#2 C:\xampp\htdocs\test\vendor\zohocrm\php-sdk-2.1\src\com\zoho\crm\api\util\CommonAPIHandler.php(253): com\zoho\api\authenticator\OAuthToken->authenticate(Object(com\zoho\crm\api\util\APIHTTPConnector))
#3 C:\xampp\htdocs\test\vendor\zohocrm\php-sdk-2.1\src\com\zoho\crm\api\fields\FieldsOperations.php(41): com\zoho\crm\api\util\CommonAPIHandler->apiCall('com\\zoho\\crm\\ap...', 'application/jso...')
#4 C:\xampp\htdocs\test\vendor\zohocrm\php-sdk-2.1\src\com\zoho\crm\api\util\Utility.php(582): com\zoho\crm\api\fields\FieldsOperations->getFields(Object(com\zoho\crm\api\ParameterMap))
#5 C:\xampp\htdocs\test\vendor\zohocrm\php-sdk-2.1\src\com\zoho\crm\api\util\Utility.php(96): com\zoho\crm\api\util\Utility::getFieldDetails('Leads')
#6 C:\xampp\htdocs\test\vendor\zohocrm\php-sdk-2.1\src\com\zoho\crm\api\util\Utility.php(213): com\zoho\crm\api\util\Utility::fileExistsFlow('Leads', 'C:\\xampp\\htdocs...', NULL)
#7 C:\xampp\htdocs\test\vendor\zohocrm\php-sdk-2.1\src\com\zoho\crm\api\util\Utility.php(170): com\zoho\crm\api\util\Utility::getFieldsInfo('Leads', Object(com\zoho\crm\api\util\CommonAPIHandler))
#8 C:\xampp\htdocs\test\vendor\zohocrm\php-sdk-2.1\src\com\zoho\crm\api\record\RecordOperations.php(142): com\zoho\crm\api\util\Utility::getFields('Leads', Object(com\zoho\crm\api\util\CommonAPIHandler))
#9 C:\xampp\htdocs\test\src\create_lead.php(31): com\zoho\crm\api\record\RecordOperations->createRecords('Leads', Object(com\zoho\crm\api\record\BodyWrapper))
#10 {main}
2025-11-13 14:44:52 com\zoho\api\logger\SDKLogger SEVERE Exception :  com\zoho\crm\api\exception\SDKException Caused by : INVALID TOKEN ERROR - invalid_client
C:\xampp\htdocs\test\vendor\zohocrm\php-sdk-2.1\src\com\zoho\api\authenticator\OAuthToken.php- 377- invalid_client
#0 C:\xampp\htdocs\test\vendor\zohocrm\php-sdk-2.1\src\com\zoho\api\authenticator\OAuthToken.php(306): com\zoho\api\authenticator\OAuthToken->processResponse('HTTP/1.1 200 \r\n...')
#1 C:\xampp\htdocs\test\vendor\zohocrm\php-sdk-2.1\src\com\zoho\api\authenticator\OAuthToken.php(235): com\zoho\api\authenticator\OAuthToken->refreshAccessToken(Object(com\zoho\crm\api\UserSignature), Object(com\zoho\api\authenticator\store\FileStore))
#2 C:\xampp\htdocs\test\vendor\zohocrm\php-sdk-2.1\src\com\zoho\crm\api\util\CommonAPIHandler.php(253): com\zoho\api\authenticator\OAuthToken->authenticate(Object(com\zoho\crm\api\util\APIHTTPConnector))
#3 C:\xampp\htdocs\test\vendor\zohocrm\php-sdk-2.1\src\com\zoho\crm\api\fields\FieldsOperations.php(41): com\zoho\crm\api\util\CommonAPIHandler->apiCall('com\\zoho\\crm\\ap...', 'application/jso...')
#4 C:\xampp\htdocs\test\vendor\zohocrm\php-sdk-2.1\src\com\zoho\crm\api\util\Utility.php(582): com\zoho\crm\api\fields\FieldsOperations->getFields(Object(com\zoho\crm\api\ParameterMap))
#5 C:\xampp\htdocs\test\vendor\zohocrm\php-sdk-2.1\src\com\zoho\crm\api\util\Utility.php(96): com\zoho\crm\api\util\Utility::getFieldDetails('Leads')
#6 C:\xampp\htdocs\test\vendor\zohocrm\php-sdk-2.1\src\com\zoho\crm\api\util\Utility.php(213): com\zoho\crm\api\util\Utility::fileExistsFlow('Leads', 'C:\\xampp\\htdocs...', NULL)
#7 C:\xampp\htdocs\test\vendor\zohocrm\php-sdk-2.1\src\com\zoho\crm\api\util\Utility.php(170): com\zoho\crm\api\util\Utility::getFieldsInfo('Leads', Object(com\zoho\crm\api\util\CommonAPIHandler))
#8 C:\xampp\htdocs\test\vendor\zohocrm\php-sdk-2.1\src\com\zoho\crm\api\record\RecordOperations.php(142): com\zoho\crm\api\util\Utility::getFields('Leads', Object(com\zoho\crm\api\util\CommonAPIHandler))
#9 C:\xampp\htdocs\test\src\create_lead.php(31): com\zoho\crm\api\record\RecordOperations->createRecords('Leads', Object(com\zoho\crm\api\record\BodyWrapper))
#10 {main}
2025-11-13 14:53:39 com\zoho\api\logger\SDKLogger INFO Initialization successful for Email Id : tikhoncheb@gmail.com in Environment : https://www.zohoapis.com.
2025-11-13 14:53:39 com\zoho\api\logger\SDKLogger SEVERE Exception in authenticating current request :  com\zoho\crm\api\exception\SDKException Caused by : INVALID TOKEN ERROR - invalid_client
C:\xampp\htdocs\test\vendor\zohocrm\php-sdk-2.1\src\com\zoho\api\authenticator\OAuthToken.php- 377- invalid_client
#0 C:\xampp\htdocs\test\vendor\zohocrm\php-sdk-2.1\src\com\zoho\api\authenticator\OAuthToken.php(306): com\zoho\api\authenticator\OAuthToken->processResponse('HTTP/1.1 200 \r\n...')
#1 C:\xampp\htdocs\test\vendor\zohocrm\php-sdk-2.1\src\com\zoho\api\authenticator\OAuthToken.php(235): com\zoho\api\authenticator\OAuthToken->refreshAccessToken(Object(com\zoho\crm\api\UserSignature), Object(com\zoho\api\authenticator\store\FileStore))
#2 C:\xampp\htdocs\test\vendor\zohocrm\php-sdk-2.1\src\com\zoho\crm\api\util\CommonAPIHandler.php(253): com\zoho\api\authenticator\OAuthToken->authenticate(Object(com\zoho\crm\api\util\APIHTTPConnector))
#3 C:\xampp\htdocs\test\vendor\zohocrm\php-sdk-2.1\src\com\zoho\crm\api\fields\FieldsOperations.php(41): com\zoho\crm\api\util\CommonAPIHandler->apiCall('com\\zoho\\crm\\ap...', 'application/jso...')
#4 C:\xampp\htdocs\test\vendor\zohocrm\php-sdk-2.1\src\com\zoho\crm\api\util\Utility.php(582): com\zoho\crm\api\fields\FieldsOperations->getFields(Object(com\zoho\crm\api\ParameterMap))
#5 C:\xampp\htdocs\test\vendor\zohocrm\php-sdk-2.1\src\com\zoho\crm\api\util\Utility.php(96): com\zoho\crm\api\util\Utility::getFieldDetails('Leads')
#6 C:\xampp\htdocs\test\vendor\zohocrm\php-sdk-2.1\src\com\zoho\crm\api\util\Utility.php(213): com\zoho\crm\api\util\Utility::fileExistsFlow('Leads', 'C:\\xampp\\htdocs...', NULL)
#7 C:\xampp\htdocs\test\vendor\zohocrm\php-sdk-2.1\src\com\zoho\crm\api\util\Utility.php(170): com\zoho\crm\api\util\Utility::getFieldsInfo('Leads', Object(com\zoho\crm\api\util\CommonAPIHandler))
#8 C:\xampp\htdocs\test\vendor\zohocrm\php-sdk-2.1\src\com\zoho\crm\api\record\RecordOperations.php(142): com\zoho\crm\api\util\Utility::getFields('Leads', Object(com\zoho\crm\api\util\CommonAPIHandler))
#9 C:\xampp\htdocs\test\src\create_lead.php(31): com\zoho\crm\api\record\RecordOperations->createRecords('Leads', Object(com\zoho\crm\api\record\BodyWrapper))
#10 {main}
2025-11-13 14:53:39 com\zoho\api\logger\SDKLogger SEVERE Exception :  com\zoho\crm\api\exception\SDKException Caused by : INVALID TOKEN ERROR - invalid_client
C:\xampp\htdocs\test\vendor\zohocrm\php-sdk-2.1\src\com\zoho\api\authenticator\OAuthToken.php- 377- invalid_client
#0 C:\xampp\htdocs\test\vendor\zohocrm\php-sdk-2.1\src\com\zoho\api\authenticator\OAuthToken.php(306): com\zoho\api\authenticator\OAuthToken->processResponse('HTTP/1.1 200 \r\n...')
#1 C:\xampp\htdocs\test\vendor\zohocrm\php-sdk-2.1\src\com\zoho\api\authenticator\OAuthToken.php(235): com\zoho\api\authenticator\OAuthToken->refreshAccessToken(Object(com\zoho\crm\api\UserSignature), Object(com\zoho\api\authenticator\store\FileStore))
#2 C:\xampp\htdocs\test\vendor\zohocrm\php-sdk-2.1\src\com\zoho\crm\api\util\CommonAPIHandler.php(253): com\zoho\api\authenticator\OAuthToken->authenticate(Object(com\zoho\crm\api\util\APIHTTPConnector))
#3 C:\xampp\htdocs\test\vendor\zohocrm\php-sdk-2.1\src\com\zoho\crm\api\fields\FieldsOperations.php(41): com\zoho\crm\api\util\CommonAPIHandler->apiCall('com\\zoho\\crm\\ap...', 'application/jso...')
#4 C:\xampp\htdocs\test\vendor\zohocrm\php-sdk-2.1\src\com\zoho\crm\api\util\Utility.php(582): com\zoho\crm\api\fields\FieldsOperations->getFields(Object(com\zoho\crm\api\ParameterMap))
#5 C:\xampp\htdocs\test\vendor\zohocrm\php-sdk-2.1\src\com\zoho\crm\api\util\Utility.php(96): com\zoho\crm\api\util\Utility::getFieldDetails('Leads')
#6 C:\xampp\htdocs\test\vendor\zohocrm\php-sdk-2.1\src\com\zoho\crm\api\util\Utility.php(213): com\zoho\crm\api\util\Utility::fileExistsFlow('Leads', 'C:\\xampp\\htdocs...', NULL)
#7 C:\xampp\htdocs\test\vendor\zohocrm\php-sdk-2.1\src\com\zoho\crm\api\util\Utility.php(170): com\zoho\crm\api\util\Utility::getFieldsInfo('Leads', Object(com\zoho\crm\api\util\CommonAPIHandler))
#8 C:\xampp\htdocs\test\vendor\zohocrm\php-sdk-2.1\src\com\zoho\crm\api\record\RecordOperations.php(142): com\zoho\crm\api\util\Utility::getFields('Leads', Object(com\zoho\crm\api\util\CommonAPIHandler))
#9 C:\xampp\htdocs\test\src\create_lead.php(31): com\zoho\crm\api\record\RecordOperations->createRecords('Leads', Object(com\zoho\crm\api\record\BodyWrapper))
#10 {main}
2025-11-13 14:56:37 com\zoho\api\logger\SDKLogger INFO Initialization successful for Email Id : tikhoncheb@gmail.com in Environment : https://www.zohoapis.com.
2025-11-13 14:56:38 com\zoho\api\logger\SDKLogger SEVERE Exception in authenticating current request :  com\zoho\crm\api\exception\SDKException Caused by : INVALID TOKEN ERROR - invalid_client
C:\xampp\htdocs\test\vendor\zohocrm\php-sdk-2.1\src\com\zoho\api\authenticator\OAuthToken.php- 377- invalid_client
#0 C:\xampp\htdocs\test\vendor\zohocrm\php-sdk-2.1\src\com\zoho\api\authenticator\OAuthToken.php(306): com\zoho\api\authenticator\OAuthToken->processResponse('HTTP/1.1 200 \r\n...')
#1 C:\xampp\htdocs\test\vendor\zohocrm\php-sdk-2.1\src\com\zoho\api\authenticator\OAuthToken.php(235): com\zoho\api\authenticator\OAuthToken->refreshAccessToken(Object(com\zoho\crm\api\UserSignature), Object(com\zoho\api\authenticator\store\FileStore))
#2 C:\xampp\htdocs\test\vendor\zohocrm\php-sdk-2.1\src\com\zoho\crm\api\util\CommonAPIHandler.php(253): com\zoho\api\authenticator\OAuthToken->authenticate(Object(com\zoho\crm\api\util\APIHTTPConnector))
#3 C:\xampp\htdocs\test\vendor\zohocrm\php-sdk-2.1\src\com\zoho\crm\api\fields\FieldsOperations.php(41): com\zoho\crm\api\util\CommonAPIHandler->apiCall('com\\zoho\\crm\\ap...', 'application/jso...')
#4 C:\xampp\htdocs\test\vendor\zohocrm\php-sdk-2.1\src\com\zoho\crm\api\util\Utility.php(582): com\zoho\crm\api\fields\FieldsOperations->getFields(Object(com\zoho\crm\api\ParameterMap))
#5 C:\xampp\htdocs\test\vendor\zohocrm\php-sdk-2.1\src\com\zoho\crm\api\util\Utility.php(96): com\zoho\crm\api\util\Utility::getFieldDetails('Leads')
#6 C:\xampp\htdocs\test\vendor\zohocrm\php-sdk-2.1\src\com\zoho\crm\api\util\Utility.php(213): com\zoho\crm\api\util\Utility::fileExistsFlow('Leads', 'C:\\xampp\\htdocs...', NULL)
#7 C:\xampp\htdocs\test\vendor\zohocrm\php-sdk-2.1\src\com\zoho\crm\api\util\Utility.php(170): com\zoho\crm\api\util\Utility::getFieldsInfo('Leads', Object(com\zoho\crm\api\util\CommonAPIHandler))
#8 C:\xampp\htdocs\test\vendor\zohocrm\php-sdk-2.1\src\com\zoho\crm\api\record\RecordOperations.php(142): com\zoho\crm\api\util\Utility::getFields('Leads', Object(com\zoho\crm\api\util\CommonAPIHandler))
#9 C:\xampp\htdocs\test\src\create_lead.php(32): com\zoho\crm\api\record\RecordOperations->createRecords('Leads', Object(com\zoho\crm\api\record\BodyWrapper))
#10 {main}
2025-11-13 14:56:38 com\zoho\api\logger\SDKLogger SEVERE Exception :  com\zoho\crm\api\exception\SDKException Caused by : INVALID TOKEN ERROR - invalid_client
C:\xampp\htdocs\test\vendor\zohocrm\php-sdk-2.1\src\com\zoho\api\authenticator\OAuthToken.php- 377- invalid_client
#0 C:\xampp\htdocs\test\vendor\zohocrm\php-sdk-2.1\src\com\zoho\api\authenticator\OAuthToken.php(306): com\zoho\api\authenticator\OAuthToken->processResponse('HTTP/1.1 200 \r\n...')
#1 C:\xampp\htdocs\test\vendor\zohocrm\php-sdk-2.1\src\com\zoho\api\authenticator\OAuthToken.php(235): com\zoho\api\authenticator\OAuthToken->refreshAccessToken(Object(com\zoho\crm\api\UserSignature), Object(com\zoho\api\authenticator\store\FileStore))
#2 C:\xampp\htdocs\test\vendor\zohocrm\php-sdk-2.1\src\com\zoho\crm\api\util\CommonAPIHandler.php(253): com\zoho\api\authenticator\OAuthToken->authenticate(Object(com\zoho\crm\api\util\APIHTTPConnector))
#3 C:\xampp\htdocs\test\vendor\zohocrm\php-sdk-2.1\src\com\zoho\crm\api\fields\FieldsOperations.php(41): com\zoho\crm\api\util\CommonAPIHandler->apiCall('com\\zoho\\crm\\ap...', 'application/jso...')
#4 C:\xampp\htdocs\test\vendor\zohocrm\php-sdk-2.1\src\com\zoho\crm\api\util\Utility.php(582): com\zoho\crm\api\fields\FieldsOperations->getFields(Object(com\zoho\crm\api\ParameterMap))
#5 C:\xampp\htdocs\test\vendor\zohocrm\php-sdk-2.1\src\com\zoho\crm\api\util\Utility.php(96): com\zoho\crm\api\util\Utility::getFieldDetails('Leads')
#6 C:\xampp\htdocs\test\vendor\zohocrm\php-sdk-2.1\src\com\zoho\crm\api\util\Utility.php(213): com\zoho\crm\api\util\Utility::fileExistsFlow('Leads', 'C:\\xampp\\htdocs...', NULL)
#7 C:\xampp\htdocs\test\vendor\zohocrm\php-sdk-2.1\src\com\zoho\crm\api\util\Utility.php(170): com\zoho\crm\api\util\Utility::getFieldsInfo('Leads', Object(com\zoho\crm\api\util\CommonAPIHandler))
#8 C:\xampp\htdocs\test\vendor\zohocrm\php-sdk-2.1\src\com\zoho\crm\api\record\RecordOperations.php(142): com\zoho\crm\api\util\Utility::getFields('Leads', Object(com\zoho\crm\api\util\CommonAPIHandler))
#9 C:\xampp\htdocs\test\src\create_lead.php(32): com\zoho\crm\api\record\RecordOperations->createRecords('Leads', Object(com\zoho\crm\api\record\BodyWrapper))
#10 {main}
2025-11-13 14:57:21 com\zoho\api\logger\SDKLogger INFO Initialization successful for Email Id : tikhoncheb@gmail.com in Environment : https://www.zohoapis.com.
2025-11-13 14:57:22 com\zoho\api\logger\SDKLogger SEVERE Exception in authenticating current request :  com\zoho\crm\api\exception\SDKException Caused by : INVALID TOKEN ERROR - invalid_client
C:\xampp\htdocs\test\vendor\zohocrm\php-sdk-2.1\src\com\zoho\api\authenticator\OAuthToken.php- 377- invalid_client
#0 C:\xampp\htdocs\test\vendor\zohocrm\php-sdk-2.1\src\com\zoho\api\authenticator\OAuthToken.php(306): com\zoho\api\authenticator\OAuthToken->processResponse('HTTP/1.1 200 \r\n...')
#1 C:\xampp\htdocs\test\vendor\zohocrm\php-sdk-2.1\src\com\zoho\api\authenticator\OAuthToken.php(235): com\zoho\api\authenticator\OAuthToken->refreshAccessToken(Object(com\zoho\crm\api\UserSignature), Object(com\zoho\api\authenticator\store\FileStore))
#2 C:\xampp\htdocs\test\vendor\zohocrm\php-sdk-2.1\src\com\zoho\crm\api\util\CommonAPIHandler.php(253): com\zoho\api\authenticator\OAuthToken->authenticate(Object(com\zoho\crm\api\util\APIHTTPConnector))
#3 C:\xampp\htdocs\test\vendor\zohocrm\php-sdk-2.1\src\com\zoho\crm\api\fields\FieldsOperations.php(41): com\zoho\crm\api\util\CommonAPIHandler->apiCall('com\\zoho\\crm\\ap...', 'application/jso...')
#4 C:\xampp\htdocs\test\vendor\zohocrm\php-sdk-2.1\src\com\zoho\crm\api\util\Utility.php(582): com\zoho\crm\api\fields\FieldsOperations->getFields(Object(com\zoho\crm\api\ParameterMap))
#5 C:\xampp\htdocs\test\vendor\zohocrm\php-sdk-2.1\src\com\zoho\crm\api\util\Utility.php(96): com\zoho\crm\api\util\Utility::getFieldDetails('Leads')
#6 C:\xampp\htdocs\test\vendor\zohocrm\php-sdk-2.1\src\com\zoho\crm\api\util\Utility.php(213): com\zoho\crm\api\util\Utility::fileExistsFlow('Leads', 'C:\\xampp\\htdocs...', NULL)
#7 C:\xampp\htdocs\test\vendor\zohocrm\php-sdk-2.1\src\com\zoho\crm\api\util\Utility.php(170): com\zoho\crm\api\util\Utility::getFieldsInfo('Leads', Object(com\zoho\crm\api\util\CommonAPIHandler))
#8 C:\xampp\htdocs\test\vendor\zohocrm\php-sdk-2.1\src\com\zoho\crm\api\record\RecordOperations.php(142): com\zoho\crm\api\util\Utility::getFields('Leads', Object(com\zoho\crm\api\util\CommonAPIHandler))
#9 C:\xampp\htdocs\test\src\create_lead.php(32): com\zoho\crm\api\record\RecordOperations->createRecords('Leads', Object(com\zoho\crm\api\record\BodyWrapper))
#10 {main}
2025-11-13 14:57:22 com\zoho\api\logger\SDKLogger SEVERE Exception :  com\zoho\crm\api\exception\SDKException Caused by : INVALID TOKEN ERROR - invalid_client
C:\xampp\htdocs\test\vendor\zohocrm\php-sdk-2.1\src\com\zoho\api\authenticator\OAuthToken.php- 377- invalid_client
#0 C:\xampp\htdocs\test\vendor\zohocrm\php-sdk-2.1\src\com\zoho\api\authenticator\OAuthToken.php(306): com\zoho\api\authenticator\OAuthToken->processResponse('HTTP/1.1 200 \r\n...')
#1 C:\xampp\htdocs\test\vendor\zohocrm\php-sdk-2.1\src\com\zoho\api\authenticator\OAuthToken.php(235): com\zoho\api\authenticator\OAuthToken->refreshAccessToken(Object(com\zoho\crm\api\UserSignature), Object(com\zoho\api\authenticator\store\FileStore))
#2 C:\xampp\htdocs\test\vendor\zohocrm\php-sdk-2.1\src\com\zoho\crm\api\util\CommonAPIHandler.php(253): com\zoho\api\authenticator\OAuthToken->authenticate(Object(com\zoho\crm\api\util\APIHTTPConnector))
#3 C:\xampp\htdocs\test\vendor\zohocrm\php-sdk-2.1\src\com\zoho\crm\api\fields\FieldsOperations.php(41): com\zoho\crm\api\util\CommonAPIHandler->apiCall('com\\zoho\\crm\\ap...', 'application/jso...')
#4 C:\xampp\htdocs\test\vendor\zohocrm\php-sdk-2.1\src\com\zoho\crm\api\util\Utility.php(582): com\zoho\crm\api\fields\FieldsOperations->getFields(Object(com\zoho\crm\api\ParameterMap))
#5 C:\xampp\htdocs\test\vendor\zohocrm\php-sdk-2.1\src\com\zoho\crm\api\util\Utility.php(96): com\zoho\crm\api\util\Utility::getFieldDetails('Leads')
#6 C:\xampp\htdocs\test\vendor\zohocrm\php-sdk-2.1\src\com\zoho\crm\api\util\Utility.php(213): com\zoho\crm\api\util\Utility::fileExistsFlow('Leads', 'C:\\xampp\\htdocs...', NULL)
#7 C:\xampp\htdocs\test\vendor\zohocrm\php-sdk-2.1\src\com\zoho\crm\api\util\Utility.php(170): com\zoho\crm\api\util\Utility::getFieldsInfo('Leads', Object(com\zoho\crm\api\util\CommonAPIHandler))
#8 C:\xampp\htdocs\test\vendor\zohocrm\php-sdk-2.1\src\com\zoho\crm\api\record\RecordOperations.php(142): com\zoho\crm\api\util\Utility::getFields('Leads', Object(com\zoho\crm\api\util\CommonAPIHandler))
#9 C:\xampp\htdocs\test\src\create_lead.php(32): com\zoho\crm\api\record\RecordOperations->createRecords('Leads', Object(com\zoho\crm\api\record\BodyWrapper))
#10 {main}
2025-11-13 14:58:24 com\zoho\api\logger\SDKLogger INFO Initialization successful for Email Id : tikhoncheb@gmail.com in Environment : https://www.zohoapis.com.
2025-11-13 14:58:24 com\zoho\api\logger\SDKLogger SEVERE Exception in authenticating current request :  com\zoho\crm\api\exception\SDKException Caused by : INVALID TOKEN ERROR - invalid_client
C:\xampp\htdocs\test\vendor\zohocrm\php-sdk-2.1\src\com\zoho\api\authenticator\OAuthToken.php- 377- invalid_client
#0 C:\xampp\htdocs\test\vendor\zohocrm\php-sdk-2.1\src\com\zoho\api\authenticator\OAuthToken.php(306): com\zoho\api\authenticator\OAuthToken->processResponse('HTTP/1.1 200 \r\n...')
#1 C:\xampp\htdocs\test\vendor\zohocrm\php-sdk-2.1\src\com\zoho\api\authenticator\OAuthToken.php(235): com\zoho\api\authenticator\OAuthToken->refreshAccessToken(Object(com\zoho\crm\api\UserSignature), Object(com\zoho\api\authenticator\store\FileStore))
#2 C:\xampp\htdocs\test\vendor\zohocrm\php-sdk-2.1\src\com\zoho\crm\api\util\CommonAPIHandler.php(253): com\zoho\api\authenticator\OAuthToken->authenticate(Object(com\zoho\crm\api\util\APIHTTPConnector))
#3 C:\xampp\htdocs\test\vendor\zohocrm\php-sdk-2.1\src\com\zoho\crm\api\fields\FieldsOperations.php(41): com\zoho\crm\api\util\CommonAPIHandler->apiCall('com\\zoho\\crm\\ap...', 'application/jso...')
#4 C:\xampp\htdocs\test\vendor\zohocrm\php-sdk-2.1\src\com\zoho\crm\api\util\Utility.php(582): com\zoho\crm\api\fields\FieldsOperations->getFields(Object(com\zoho\crm\api\ParameterMap))
#5 C:\xampp\htdocs\test\vendor\zohocrm\php-sdk-2.1\src\com\zoho\crm\api\util\Utility.php(96): com\zoho\crm\api\util\Utility::getFieldDetails('Leads')
#6 C:\xampp\htdocs\test\vendor\zohocrm\php-sdk-2.1\src\com\zoho\crm\api\util\Utility.php(213): com\zoho\crm\api\util\Utility::fileExistsFlow('Leads', 'C:\\xampp\\htdocs...', NULL)
#7 C:\xampp\htdocs\test\vendor\zohocrm\php-sdk-2.1\src\com\zoho\crm\api\util\Utility.php(170): com\zoho\crm\api\util\Utility::getFieldsInfo('Leads', Object(com\zoho\crm\api\util\CommonAPIHandler))
#8 C:\xampp\htdocs\test\vendor\zohocrm\php-sdk-2.1\src\com\zoho\crm\api\record\RecordOperations.php(142): com\zoho\crm\api\util\Utility::getFields('Leads', Object(com\zoho\crm\api\util\CommonAPIHandler))
#9 C:\xampp\htdocs\test\src\create_lead.php(32): com\zoho\crm\api\record\RecordOperations->createRecords('Leads', Object(com\zoho\crm\api\record\BodyWrapper))
#10 {main}
2025-11-13 14:58:24 com\zoho\api\logger\SDKLogger SEVERE Exception :  com\zoho\crm\api\exception\SDKException Caused by : INVALID TOKEN ERROR - invalid_client
C:\xampp\htdocs\test\vendor\zohocrm\php-sdk-2.1\src\com\zoho\api\authenticator\OAuthToken.php- 377- invalid_client
#0 C:\xampp\htdocs\test\vendor\zohocrm\php-sdk-2.1\src\com\zoho\api\authenticator\OAuthToken.php(306): com\zoho\api\authenticator\OAuthToken->processResponse('HTTP/1.1 200 \r\n...')
#1 C:\xampp\htdocs\test\vendor\zohocrm\php-sdk-2.1\src\com\zoho\api\authenticator\OAuthToken.php(235): com\zoho\api\authenticator\OAuthToken->refreshAccessToken(Object(com\zoho\crm\api\UserSignature), Object(com\zoho\api\authenticator\store\FileStore))
#2 C:\xampp\htdocs\test\vendor\zohocrm\php-sdk-2.1\src\com\zoho\crm\api\util\CommonAPIHandler.php(253): com\zoho\api\authenticator\OAuthToken->authenticate(Object(com\zoho\crm\api\util\APIHTTPConnector))
#3 C:\xampp\htdocs\test\vendor\zohocrm\php-sdk-2.1\src\com\zoho\crm\api\fields\FieldsOperations.php(41): com\zoho\crm\api\util\CommonAPIHandler->apiCall('com\\zoho\\crm\\ap...', 'application/jso...')
#4 C:\xampp\htdocs\test\vendor\zohocrm\php-sdk-2.1\src\com\zoho\crm\api\util\Utility.php(582): com\zoho\crm\api\fields\FieldsOperations->getFields(Object(com\zoho\crm\api\ParameterMap))
#5 C:\xampp\htdocs\test\vendor\zohocrm\php-sdk-2.1\src\com\zoho\crm\api\util\Utility.php(96): com\zoho\crm\api\util\Utility::getFieldDetails('Leads')
#6 C:\xampp\htdocs\test\vendor\zohocrm\php-sdk-2.1\src\com\zoho\crm\api\util\Utility.php(213): com\zoho\crm\api\util\Utility::fileExistsFlow('Leads', 'C:\\xampp\\htdocs...', NULL)
#7 C:\xampp\htdocs\test\vendor\zohocrm\php-sdk-2.1\src\com\zoho\crm\api\util\Utility.php(170): com\zoho\crm\api\util\Utility::getFieldsInfo('Leads', Object(com\zoho\crm\api\util\CommonAPIHandler))
#8 C:\xampp\htdocs\test\vendor\zohocrm\php-sdk-2.1\src\com\zoho\crm\api\record\RecordOperations.php(142): com\zoho\crm\api\util\Utility::getFields('Leads', Object(com\zoho\crm\api\util\CommonAPIHandler))
#9 C:\xampp\htdocs\test\src\create_lead.php(32): com\zoho\crm\api\record\RecordOperations->createRecords('Leads', Object(com\zoho\crm\api\record\BodyWrapper))
#10 {main}
2025-11-13 15:00:59 com\zoho\api\logger\SDKLogger INFO Initialization successful for Email Id : tikhoncheb@gmail.com in Environment : https://www.zohoapis.com.
2025-11-13 15:01:00 com\zoho\api\logger\SDKLogger SEVERE Exception in authenticating current request :  com\zoho\crm\api\exception\SDKException Caused by : INVALID TOKEN ERROR - invalid_client
C:\xampp\htdocs\test\vendor\zohocrm\php-sdk-2.1\src\com\zoho\api\authenticator\OAuthToken.php- 377- invalid_client
#0 C:\xampp\htdocs\test\vendor\zohocrm\php-sdk-2.1\src\com\zoho\api\authenticator\OAuthToken.php(306): com\zoho\api\authenticator\OAuthToken->processResponse('HTTP/1.1 200 \r\n...')
#1 C:\xampp\htdocs\test\vendor\zohocrm\php-sdk-2.1\src\com\zoho\api\authenticator\OAuthToken.php(235): com\zoho\api\authenticator\OAuthToken->refreshAccessToken(Object(com\zoho\crm\api\UserSignature), Object(com\zoho\api\authenticator\store\FileStore))
#2 C:\xampp\htdocs\test\vendor\zohocrm\php-sdk-2.1\src\com\zoho\crm\api\util\CommonAPIHandler.php(253): com\zoho\api\authenticator\OAuthToken->authenticate(Object(com\zoho\crm\api\util\APIHTTPConnector))
#3 C:\xampp\htdocs\test\vendor\zohocrm\php-sdk-2.1\src\com\zoho\crm\api\fields\FieldsOperations.php(41): com\zoho\crm\api\util\CommonAPIHandler->apiCall('com\\zoho\\crm\\ap...', 'application/jso...')
#4 C:\xampp\htdocs\test\vendor\zohocrm\php-sdk-2.1\src\com\zoho\crm\api\util\Utility.php(582): com\zoho\crm\api\fields\FieldsOperations->getFields(Object(com\zoho\crm\api\ParameterMap))
#5 C:\xampp\htdocs\test\vendor\zohocrm\php-sdk-2.1\src\com\zoho\crm\api\util\Utility.php(96): com\zoho\crm\api\util\Utility::getFieldDetails('Leads')
#6 C:\xampp\htdocs\test\vendor\zohocrm\php-sdk-2.1\src\com\zoho\crm\api\util\Utility.php(213): com\zoho\crm\api\util\Utility::fileExistsFlow('Leads', 'C:\\xampp\\htdocs...', NULL)
#7 C:\xampp\htdocs\test\vendor\zohocrm\php-sdk-2.1\src\com\zoho\crm\api\util\Utility.php(170): com\zoho\crm\api\util\Utility::getFieldsInfo('Leads', Object(com\zoho\crm\api\util\CommonAPIHandler))
#8 C:\xampp\htdocs\test\vendor\zohocrm\php-sdk-2.1\src\com\zoho\crm\api\record\RecordOperations.php(142): com\zoho\crm\api\util\Utility::getFields('Leads', Object(com\zoho\crm\api\util\CommonAPIHandler))
#9 C:\xampp\htdocs\test\src\create_lead.php(32): com\zoho\crm\api\record\RecordOperations->createRecords('Leads', Object(com\zoho\crm\api\record\BodyWrapper))
#10 {main}
2025-11-13 15:01:00 com\zoho\api\logger\SDKLogger SEVERE Exception :  com\zoho\crm\api\exception\SDKException Caused by : INVALID TOKEN ERROR - invalid_client
C:\xampp\htdocs\test\vendor\zohocrm\php-sdk-2.1\src\com\zoho\api\authenticator\OAuthToken.php- 377- invalid_client
#0 C:\xampp\htdocs\test\vendor\zohocrm\php-sdk-2.1\src\com\zoho\api\authenticator\OAuthToken.php(306): com\zoho\api\authenticator\OAuthToken->processResponse('HTTP/1.1 200 \r\n...')
#1 C:\xampp\htdocs\test\vendor\zohocrm\php-sdk-2.1\src\com\zoho\api\authenticator\OAuthToken.php(235): com\zoho\api\authenticator\OAuthToken->refreshAccessToken(Object(com\zoho\crm\api\UserSignature), Object(com\zoho\api\authenticator\store\FileStore))
#2 C:\xampp\htdocs\test\vendor\zohocrm\php-sdk-2.1\src\com\zoho\crm\api\util\CommonAPIHandler.php(253): com\zoho\api\authenticator\OAuthToken->authenticate(Object(com\zoho\crm\api\util\APIHTTPConnector))
#3 C:\xampp\htdocs\test\vendor\zohocrm\php-sdk-2.1\src\com\zoho\crm\api\fields\FieldsOperations.php(41): com\zoho\crm\api\util\CommonAPIHandler->apiCall('com\\zoho\\crm\\ap...', 'application/jso...')
#4 C:\xampp\htdocs\test\vendor\zohocrm\php-sdk-2.1\src\com\zoho\crm\api\util\Utility.php(582): com\zoho\crm\api\fields\FieldsOperations->getFields(Object(com\zoho\crm\api\ParameterMap))
#5 C:\xampp\htdocs\test\vendor\zohocrm\php-sdk-2.1\src\com\zoho\crm\api\util\Utility.php(96): com\zoho\crm\api\util\Utility::getFieldDetails('Leads')
#6 C:\xampp\htdocs\test\vendor\zohocrm\php-sdk-2.1\src\com\zoho\crm\api\util\Utility.php(213): com\zoho\crm\api\util\Utility::fileExistsFlow('Leads', 'C:\\xampp\\htdocs...', NULL)
#7 C:\xampp\htdocs\test\vendor\zohocrm\php-sdk-2.1\src\com\zoho\crm\api\util\Utility.php(170): com\zoho\crm\api\util\Utility::getFieldsInfo('Leads', Object(com\zoho\crm\api\util\CommonAPIHandler))
#8 C:\xampp\htdocs\test\vendor\zohocrm\php-sdk-2.1\src\com\zoho\crm\api\record\RecordOperations.php(142): com\zoho\crm\api\util\Utility::getFields('Leads', Object(com\zoho\crm\api\util\CommonAPIHandler))
#9 C:\xampp\htdocs\test\src\create_lead.php(32): com\zoho\crm\api\record\RecordOperations->createRecords('Leads', Object(com\zoho\crm\api\record\BodyWrapper))
#10 {main}
2025-11-13 15:03:19 com\zoho\api\logger\SDKLogger INFO Initialization successful for Email Id : tikhoncheb@gmail.com in Environment : https://www.zohoapis.com.
2025-11-13 15:03:19 com\zoho\api\logger\SDKLogger SEVERE Exception in authenticating current request :  com\zoho\crm\api\exception\SDKException Caused by : INVALID TOKEN ERROR - invalid_client
C:\xampp\htdocs\test\vendor\zohocrm\php-sdk-2.1\src\com\zoho\api\authenticator\OAuthToken.php- 377- invalid_client
#0 C:\xampp\htdocs\test\vendor\zohocrm\php-sdk-2.1\src\com\zoho\api\authenticator\OAuthToken.php(306): com\zoho\api\authenticator\OAuthToken->processResponse('HTTP/1.1 200 \r\n...')
#1 C:\xampp\htdocs\test\vendor\zohocrm\php-sdk-2.1\src\com\zoho\api\authenticator\OAuthToken.php(235): com\zoho\api\authenticator\OAuthToken->refreshAccessToken(Object(com\zoho\crm\api\UserSignature), Object(com\zoho\api\authenticator\store\FileStore))
#2 C:\xampp\htdocs\test\vendor\zohocrm\php-sdk-2.1\src\com\zoho\crm\api\util\CommonAPIHandler.php(253): com\zoho\api\authenticator\OAuthToken->authenticate(Object(com\zoho\crm\api\util\APIHTTPConnector))
#3 C:\xampp\htdocs\test\vendor\zohocrm\php-sdk-2.1\src\com\zoho\crm\api\fields\FieldsOperations.php(41): com\zoho\crm\api\util\CommonAPIHandler->apiCall('com\\zoho\\crm\\ap...', 'application/jso...')
#4 C:\xampp\htdocs\test\vendor\zohocrm\php-sdk-2.1\src\com\zoho\crm\api\util\Utility.php(582): com\zoho\crm\api\fields\FieldsOperations->getFields(Object(com\zoho\crm\api\ParameterMap))
#5 C:\xampp\htdocs\test\vendor\zohocrm\php-sdk-2.1\src\com\zoho\crm\api\util\Utility.php(96): com\zoho\crm\api\util\Utility::getFieldDetails('Leads')
#6 C:\xampp\htdocs\test\vendor\zohocrm\php-sdk-2.1\src\com\zoho\crm\api\util\Utility.php(213): com\zoho\crm\api\util\Utility::fileExistsFlow('Leads', 'C:\\xampp\\htdocs...', NULL)
#7 C:\xampp\htdocs\test\vendor\zohocrm\php-sdk-2.1\src\com\zoho\crm\api\util\Utility.php(170): com\zoho\crm\api\util\Utility::getFieldsInfo('Leads', Object(com\zoho\crm\api\util\CommonAPIHandler))
#8 C:\xampp\htdocs\test\vendor\zohocrm\php-sdk-2.1\src\com\zoho\crm\api\record\RecordOperations.php(142): com\zoho\crm\api\util\Utility::getFields('Leads', Object(com\zoho\crm\api\util\CommonAPIHandler))
#9 C:\xampp\htdocs\test\src\create_lead.php(32): com\zoho\crm\api\record\RecordOperations->createRecords('Leads', Object(com\zoho\crm\api\record\BodyWrapper))
#10 {main}
2025-11-13 15:03:19 com\zoho\api\logger\SDKLogger SEVERE Exception :  com\zoho\crm\api\exception\SDKException Caused by : INVALID TOKEN ERROR - invalid_client
C:\xampp\htdocs\test\vendor\zohocrm\php-sdk-2.1\src\com\zoho\api\authenticator\OAuthToken.php- 377- invalid_client
#0 C:\xampp\htdocs\test\vendor\zohocrm\php-sdk-2.1\src\com\zoho\api\authenticator\OAuthToken.php(306): com\zoho\api\authenticator\OAuthToken->processResponse('HTTP/1.1 200 \r\n...')
#1 C:\xampp\htdocs\test\vendor\zohocrm\php-sdk-2.1\src\com\zoho\api\authenticator\OAuthToken.php(235): com\zoho\api\authenticator\OAuthToken->refreshAccessToken(Object(com\zoho\crm\api\UserSignature), Object(com\zoho\api\authenticator\store\FileStore))
#2 C:\xampp\htdocs\test\vendor\zohocrm\php-sdk-2.1\src\com\zoho\crm\api\util\CommonAPIHandler.php(253): com\zoho\api\authenticator\OAuthToken->authenticate(Object(com\zoho\crm\api\util\APIHTTPConnector))
#3 C:\xampp\htdocs\test\vendor\zohocrm\php-sdk-2.1\src\com\zoho\crm\api\fields\FieldsOperations.php(41): com\zoho\crm\api\util\CommonAPIHandler->apiCall('com\\zoho\\crm\\ap...', 'application/jso...')
#4 C:\xampp\htdocs\test\vendor\zohocrm\php-sdk-2.1\src\com\zoho\crm\api\util\Utility.php(582): com\zoho\crm\api\fields\FieldsOperations->getFields(Object(com\zoho\crm\api\ParameterMap))
#5 C:\xampp\htdocs\test\vendor\zohocrm\php-sdk-2.1\src\com\zoho\crm\api\util\Utility.php(96): com\zoho\crm\api\util\Utility::getFieldDetails('Leads')
#6 C:\xampp\htdocs\test\vendor\zohocrm\php-sdk-2.1\src\com\zoho\crm\api\util\Utility.php(213): com\zoho\crm\api\util\Utility::fileExistsFlow('Leads', 'C:\\xampp\\htdocs...', NULL)
#7 C:\xampp\htdocs\test\vendor\zohocrm\php-sdk-2.1\src\com\zoho\crm\api\util\Utility.php(170): com\zoho\crm\api\util\Utility::getFieldsInfo('Leads', Object(com\zoho\crm\api\util\CommonAPIHandler))
#8 C:\xampp\htdocs\test\vendor\zohocrm\php-sdk-2.1\src\com\zoho\crm\api\record\RecordOperations.php(142): com\zoho\crm\api\util\Utility::getFields('Leads', Object(com\zoho\crm\api\util\CommonAPIHandler))
#9 C:\xampp\htdocs\test\src\create_lead.php(32): com\zoho\crm\api\record\RecordOperations->createRecords('Leads', Object(com\zoho\crm\api\record\BodyWrapper))
#10 {main}
2025-11-13 15:03:28 com\zoho\api\logger\SDKLogger INFO Initialization successful for Email Id : tikhoncheb@gmail.com in Environment : https://www.zohoapis.com.
2025-11-13 15:03:29 com\zoho\api\logger\SDKLogger SEVERE Exception in authenticating current request :  com\zoho\crm\api\exception\SDKException Caused by : INVALID TOKEN ERROR - invalid_client
C:\xampp\htdocs\test\vendor\zohocrm\php-sdk-2.1\src\com\zoho\api\authenticator\OAuthToken.php- 377- invalid_client
#0 C:\xampp\htdocs\test\vendor\zohocrm\php-sdk-2.1\src\com\zoho\api\authenticator\OAuthToken.php(306): com\zoho\api\authenticator\OAuthToken->processResponse('HTTP/1.1 200 \r\n...')
#1 C:\xampp\htdocs\test\vendor\zohocrm\php-sdk-2.1\src\com\zoho\api\authenticator\OAuthToken.php(235): com\zoho\api\authenticator\OAuthToken->refreshAccessToken(Object(com\zoho\crm\api\UserSignature), Object(com\zoho\api\authenticator\store\FileStore))
#2 C:\xampp\htdocs\test\vendor\zohocrm\php-sdk-2.1\src\com\zoho\crm\api\util\CommonAPIHandler.php(253): com\zoho\api\authenticator\OAuthToken->authenticate(Object(com\zoho\crm\api\util\APIHTTPConnector))
#3 C:\xampp\htdocs\test\vendor\zohocrm\php-sdk-2.1\src\com\zoho\crm\api\fields\FieldsOperations.php(41): com\zoho\crm\api\util\CommonAPIHandler->apiCall('com\\zoho\\crm\\ap...', 'application/jso...')
#4 C:\xampp\htdocs\test\vendor\zohocrm\php-sdk-2.1\src\com\zoho\crm\api\util\Utility.php(582): com\zoho\crm\api\fields\FieldsOperations->getFields(Object(com\zoho\crm\api\ParameterMap))
#5 C:\xampp\htdocs\test\vendor\zohocrm\php-sdk-2.1\src\com\zoho\crm\api\util\Utility.php(96): com\zoho\crm\api\util\Utility::getFieldDetails('Leads')
#6 C:\xampp\htdocs\test\vendor\zohocrm\php-sdk-2.1\src\com\zoho\crm\api\util\Utility.php(213): com\zoho\crm\api\util\Utility::fileExistsFlow('Leads', 'C:\\xampp\\htdocs...', NULL)
#7 C:\xampp\htdocs\test\vendor\zohocrm\php-sdk-2.1\src\com\zoho\crm\api\util\Utility.php(170): com\zoho\crm\api\util\Utility::getFieldsInfo('Leads', Object(com\zoho\crm\api\util\CommonAPIHandler))
#8 C:\xampp\htdocs\test\vendor\zohocrm\php-sdk-2.1\src\com\zoho\crm\api\record\RecordOperations.php(142): com\zoho\crm\api\util\Utility::getFields('Leads', Object(com\zoho\crm\api\util\CommonAPIHandler))
#9 C:\xampp\htdocs\test\src\create_lead.php(32): com\zoho\crm\api\record\RecordOperations->createRecords('Leads', Object(com\zoho\crm\api\record\BodyWrapper))
#10 {main}
2025-11-13 15:03:29 com\zoho\api\logger\SDKLogger SEVERE Exception :  com\zoho\crm\api\exception\SDKException Caused by : INVALID TOKEN ERROR - invalid_client
C:\xampp\htdocs\test\vendor\zohocrm\php-sdk-2.1\src\com\zoho\api\authenticator\OAuthToken.php- 377- invalid_client
#0 C:\xampp\htdocs\test\vendor\zohocrm\php-sdk-2.1\src\com\zoho\api\authenticator\OAuthToken.php(306): com\zoho\api\authenticator\OAuthToken->processResponse('HTTP/1.1 200 \r\n...')
#1 C:\xampp\htdocs\test\vendor\zohocrm\php-sdk-2.1\src\com\zoho\api\authenticator\OAuthToken.php(235): com\zoho\api\authenticator\OAuthToken->refreshAccessToken(Object(com\zoho\crm\api\UserSignature), Object(com\zoho\api\authenticator\store\FileStore))
#2 C:\xampp\htdocs\test\vendor\zohocrm\php-sdk-2.1\src\com\zoho\crm\api\util\CommonAPIHandler.php(253): com\zoho\api\authenticator\OAuthToken->authenticate(Object(com\zoho\crm\api\util\APIHTTPConnector))
#3 C:\xampp\htdocs\test\vendor\zohocrm\php-sdk-2.1\src\com\zoho\crm\api\fields\FieldsOperations.php(41): com\zoho\crm\api\util\CommonAPIHandler->apiCall('com\\zoho\\crm\\ap...', 'application/jso...')
#4 C:\xampp\htdocs\test\vendor\zohocrm\php-sdk-2.1\src\com\zoho\crm\api\util\Utility.php(582): com\zoho\crm\api\fields\FieldsOperations->getFields(Object(com\zoho\crm\api\ParameterMap))
#5 C:\xampp\htdocs\test\vendor\zohocrm\php-sdk-2.1\src\com\zoho\crm\api\util\Utility.php(96): com\zoho\crm\api\util\Utility::getFieldDetails('Leads')
#6 C:\xampp\htdocs\test\vendor\zohocrm\php-sdk-2.1\src\com\zoho\crm\api\util\Utility.php(213): com\zoho\crm\api\util\Utility::fileExistsFlow('Leads', 'C:\\xampp\\htdocs...', NULL)
#7 C:\xampp\htdocs\test\vendor\zohocrm\php-sdk-2.1\src\com\zoho\crm\api\util\Utility.php(170): com\zoho\crm\api\util\Utility::getFieldsInfo('Leads', Object(com\zoho\crm\api\util\CommonAPIHandler))
#8 C:\xampp\htdocs\test\vendor\zohocrm\php-sdk-2.1\src\com\zoho\crm\api\record\RecordOperations.php(142): com\zoho\crm\api\util\Utility::getFields('Leads', Object(com\zoho\crm\api\util\CommonAPIHandler))
#9 C:\xampp\htdocs\test\src\create_lead.php(32): com\zoho\crm\api\record\RecordOperations->createRecords('Leads', Object(com\zoho\crm\api\record\BodyWrapper))
#10 {main}
